Feb 02 11:14:40 JavaBridge INFO : VM                  : 1.8.0_321@http://java.oracle.com/
Feb 02 11:14:40 JavaBridge INFO : JavaBridge version             : 7.2.1    
Feb 02 11:14:40 JavaBridge INFO : logFile             : JavaBridge.log
Feb 02 11:14:40 JavaBridge INFO : default logLevel    : 3
Feb 02 11:14:40 JavaBridge INFO : socket              : HTTP_LOCAL:8080
Feb 02 11:14:40 JavaBridge INFO : java.ext.dirs       : C:\Program Files\Java\jre1.8.0_321\lib\ext;C:\Windows\Sun\Java\lib\ext
Feb 02 11:14:40 JavaBridge INFO : php.java.bridge.base: C:\Users\jaded
Feb 02 11:14:40 JavaBridge INFO : thread pool size    : 20
Feb 02 11:14:40 JavaBridge INFO : JavaBridgeRunner started on port INET_LOCAL:8080
Feb 02 11:14:53 JavaBridge ERROR: An exception occured: java.lang.ClassNotFoundException: java/USLibCFDI.jar
java.lang.ClassNotFoundException: java/USLibCFDI.jar
	at java.lang.Class.forName0(Native Method)
	at java.lang.Class.forName(Unknown Source)
	at php.java.bridge.Util.classForName(Util.java:783)
	at php.java.bridge.JavaBridge.CreateObject(JavaBridge.java:469)
	at php.java.bridge.parser.Request.handleRequest(Request.java:467)
	at php.java.bridge.parser.Request.handleRequests(Request.java:509)
	at php.java.bridge.JavaBridge.handleRequests(JavaBridge.java:173)
	at php.java.bridge.http.JavaBridgeRunner.doPut(JavaBridgeRunner.java:203)
	at php.java.bridge.http.HttpServer.service(HttpServer.java:289)
	at php.java.bridge.http.HttpServer$Runner.run(HttpServer.java:205)
	at php.java.bridge.util.ThreadPool$Delegate.run(ThreadPool.java:60)
	at php.java.bridge.util.AppThreadPool$Delegate.run(AppThreadPool.java:58)
Feb 02 11:15:23 JavaBridge ERROR: An exception occured: java.lang.ClassNotFoundException: mx.emcor.uslibphp.bridges.cfdi33.FachadaCFD33
java.lang.ClassNotFoundException: mx.emcor.uslibphp.bridges.cfdi33.FachadaCFD33
	at java.net.URLClassLoader.findClass(Unknown Source)
	at java.lang.ClassLoader.loadClass(Unknown Source)
	at sun.misc.Launcher$AppClassLoader.loadClass(Unknown Source)
	at java.lang.ClassLoader.loadClass(Unknown Source)
	at java.lang.Class.forName0(Native Method)
	at java.lang.Class.forName(Unknown Source)
	at php.java.bridge.Util.classForName(Util.java:783)
	at php.java.bridge.JavaBridge.CreateObject(JavaBridge.java:469)
	at php.java.bridge.parser.Request.handleRequest(Request.java:467)
	at php.java.bridge.parser.Request.handleRequests(Request.java:509)
	at php.java.bridge.JavaBridge.handleRequests(JavaBridge.java:173)
	at php.java.bridge.http.JavaBridgeRunner.doPut(JavaBridgeRunner.java:203)
	at php.java.bridge.http.HttpServer.service(HttpServer.java:289)
	at php.java.bridge.http.HttpServer$Runner.run(HttpServer.java:205)
	at php.java.bridge.util.ThreadPool$Delegate.run(ThreadPool.java:60)
	at php.java.bridge.util.AppThreadPool$Delegate.run(AppThreadPool.java:58)
Feb 02 11:35:02 JavaBridge ERROR: An exception occured: java.lang.ClassNotFoundException: mx.emcor.uslib.facades.FacadeCFD33
java.lang.ClassNotFoundException: mx.emcor.uslib.facades.FacadeCFD33
	at java.net.URLClassLoader.findClass(Unknown Source)
	at java.lang.ClassLoader.loadClass(Unknown Source)
	at sun.misc.Launcher$AppClassLoader.loadClass(Unknown Source)
	at java.lang.ClassLoader.loadClass(Unknown Source)
	at java.lang.Class.forName0(Native Method)
	at java.lang.Class.forName(Unknown Source)
	at php.java.bridge.Util.classForName(Util.java:783)
	at php.java.bridge.JavaBridge.CreateObject(JavaBridge.java:469)
	at php.java.bridge.parser.Request.handleRequest(Request.java:467)
	at php.java.bridge.parser.Request.handleRequests(Request.java:509)
	at php.java.bridge.JavaBridge.handleRequests(JavaBridge.java:173)
	at php.java.bridge.http.JavaBridgeRunner.doPut(JavaBridgeRunner.java:203)
	at php.java.bridge.http.HttpServer.service(HttpServer.java:289)
	at php.java.bridge.http.HttpServer$Runner.run(HttpServer.java:205)
	at php.java.bridge.util.ThreadPool$Delegate.run(ThreadPool.java:60)
	at php.java.bridge.util.AppThreadPool$Delegate.run(AppThreadPool.java:58)
Feb 02 11:37:08 JavaBridge ERROR: An exception occured: java.lang.ClassNotFoundException: uslib.mx.emcor.uslib.facades.FacadeCFD33
java.lang.ClassNotFoundException: uslib.mx.emcor.uslib.facades.FacadeCFD33
	at java.net.URLClassLoader.findClass(Unknown Source)
	at java.lang.ClassLoader.loadClass(Unknown Source)
	at sun.misc.Launcher$AppClassLoader.loadClass(Unknown Source)
	at java.lang.ClassLoader.loadClass(Unknown Source)
	at java.lang.Class.forName0(Native Method)
	at java.lang.Class.forName(Unknown Source)
	at php.java.bridge.Util.classForName(Util.java:783)
	at php.java.bridge.JavaBridge.CreateObject(JavaBridge.java:469)
	at php.java.bridge.parser.Request.handleRequest(Request.java:467)
	at php.java.bridge.parser.Request.handleRequests(Request.java:509)
	at php.java.bridge.JavaBridge.handleRequests(JavaBridge.java:173)
	at php.java.bridge.http.JavaBridgeRunner.doPut(JavaBridgeRunner.java:203)
	at php.java.bridge.http.HttpServer.service(HttpServer.java:289)
	at php.java.bridge.http.HttpServer$Runner.run(HttpServer.java:205)
	at php.java.bridge.util.ThreadPool$Delegate.run(ThreadPool.java:60)
	at php.java.bridge.util.AppThreadPool$Delegate.run(AppThreadPool.java:58)
Feb 02 11:37:27 JavaBridge ERROR: An exception occured: java.lang.ClassNotFoundException: uslib.mx.emcor.uslib.facades.FacadeCFD33.class
java.lang.ClassNotFoundException: uslib.mx.emcor.uslib.facades.FacadeCFD33.class
	at java.net.URLClassLoader.findClass(Unknown Source)
	at java.lang.ClassLoader.loadClass(Unknown Source)
	at sun.misc.Launcher$AppClassLoader.loadClass(Unknown Source)
	at java.lang.ClassLoader.loadClass(Unknown Source)
	at java.lang.Class.forName0(Native Method)
	at java.lang.Class.forName(Unknown Source)
	at php.java.bridge.Util.classForName(Util.java:783)
	at php.java.bridge.JavaBridge.CreateObject(JavaBridge.java:469)
	at php.java.bridge.parser.Request.handleRequest(Request.java:467)
	at php.java.bridge.parser.Request.handleRequests(Request.java:509)
	at php.java.bridge.JavaBridge.handleRequests(JavaBridge.java:173)
	at php.java.bridge.http.JavaBridgeRunner.doPut(JavaBridgeRunner.java:203)
	at php.java.bridge.http.HttpServer.service(HttpServer.java:289)
	at php.java.bridge.http.HttpServer$Runner.run(HttpServer.java:205)
	at php.java.bridge.util.ThreadPool$Delegate.run(ThreadPool.java:60)
	at php.java.bridge.util.AppThreadPool$Delegate.run(AppThreadPool.java:58)
Feb 02 11:37:46 JavaBridge ERROR: An exception occured: java.lang.ClassNotFoundException: uslib/mx/emcor/uslib/facades/FacadeCFD33.class
java.lang.ClassNotFoundException: uslib/mx/emcor/uslib/facades/FacadeCFD33.class
	at java.lang.Class.forName0(Native Method)
	at java.lang.Class.forName(Unknown Source)
	at php.java.bridge.Util.classForName(Util.java:783)
	at php.java.bridge.JavaBridge.CreateObject(JavaBridge.java:469)
	at php.java.bridge.parser.Request.handleRequest(Request.java:467)
	at php.java.bridge.parser.Request.handleRequests(Request.java:509)
	at php.java.bridge.JavaBridge.handleRequests(JavaBridge.java:173)
	at php.java.bridge.http.JavaBridgeRunner.doPut(JavaBridgeRunner.java:203)
	at php.java.bridge.http.HttpServer.service(HttpServer.java:289)
	at php.java.bridge.http.HttpServer$Runner.run(HttpServer.java:205)
	at php.java.bridge.util.ThreadPool$Delegate.run(ThreadPool.java:60)
	at php.java.bridge.util.AppThreadPool$Delegate.run(AppThreadPool.java:58)
Feb 02 11:37:47 JavaBridge ERROR: An exception occured: java.lang.ClassNotFoundException: uslib/mx/emcor/uslib/facades/FacadeCFD33.class
java.lang.ClassNotFoundException: uslib/mx/emcor/uslib/facades/FacadeCFD33.class
	at java.lang.Class.forName0(Native Method)
	at java.lang.Class.forName(Unknown Source)
	at php.java.bridge.Util.classForName(Util.java:783)
	at php.java.bridge.JavaBridge.CreateObject(JavaBridge.java:469)
	at php.java.bridge.parser.Request.handleRequest(Request.java:467)
	at php.java.bridge.parser.Request.handleRequests(Request.java:509)
	at php.java.bridge.JavaBridge.handleRequests(JavaBridge.java:173)
	at php.java.bridge.http.JavaBridgeRunner.doPut(JavaBridgeRunner.java:203)
	at php.java.bridge.http.HttpServer.service(HttpServer.java:289)
	at php.java.bridge.http.HttpServer$Runner.run(HttpServer.java:205)
	at php.java.bridge.util.ThreadPool$Delegate.run(ThreadPool.java:60)
	at php.java.bridge.util.AppThreadPool$Delegate.run(AppThreadPool.java:58)
Feb 02 11:37:48 JavaBridge ERROR: An exception occured: java.lang.ClassNotFoundException: uslib/mx/emcor/uslib/facades/FacadeCFD33.class
java.lang.ClassNotFoundException: uslib/mx/emcor/uslib/facades/FacadeCFD33.class
	at java.lang.Class.forName0(Native Method)
	at java.lang.Class.forName(Unknown Source)
	at php.java.bridge.Util.classForName(Util.java:783)
	at php.java.bridge.JavaBridge.CreateObject(JavaBridge.java:469)
	at php.java.bridge.parser.Request.handleRequest(Request.java:467)
	at php.java.bridge.parser.Request.handleRequests(Request.java:509)
	at php.java.bridge.JavaBridge.handleRequests(JavaBridge.java:173)
	at php.java.bridge.http.JavaBridgeRunner.doPut(JavaBridgeRunner.java:203)
	at php.java.bridge.http.HttpServer.service(HttpServer.java:289)
	at php.java.bridge.http.HttpServer$Runner.run(HttpServer.java:205)
	at php.java.bridge.util.ThreadPool$Delegate.run(ThreadPool.java:60)
	at php.java.bridge.util.AppThreadPool$Delegate.run(AppThreadPool.java:58)
Feb 02 11:38:24 JavaBridge ERROR: An exception occured: java.lang.ClassNotFoundException: java/uslib/mx/emcor/uslib/facades/FacadeCFD33.class
java.lang.ClassNotFoundException: java/uslib/mx/emcor/uslib/facades/FacadeCFD33.class
	at java.lang.Class.forName0(Native Method)
	at java.lang.Class.forName(Unknown Source)
	at php.java.bridge.Util.classForName(Util.java:783)
	at php.java.bridge.JavaBridge.CreateObject(JavaBridge.java:469)
	at php.java.bridge.parser.Request.handleRequest(Request.java:467)
	at php.java.bridge.parser.Request.handleRequests(Request.java:509)
	at php.java.bridge.JavaBridge.handleRequests(JavaBridge.java:173)
	at php.java.bridge.http.JavaBridgeRunner.doPut(JavaBridgeRunner.java:203)
	at php.java.bridge.http.HttpServer.service(HttpServer.java:289)
	at php.java.bridge.http.HttpServer$Runner.run(HttpServer.java:205)
	at php.java.bridge.util.ThreadPool$Delegate.run(ThreadPool.java:60)
	at php.java.bridge.util.AppThreadPool$Delegate.run(AppThreadPool.java:58)
Feb 02 11:38:34 JavaBridge ERROR: An exception occured: java.lang.ClassNotFoundException: java/uslib/mx/emcor/uslib/facades/FacadeCFD33.class
java.lang.ClassNotFoundException: java/uslib/mx/emcor/uslib/facades/FacadeCFD33.class
	at java.lang.Class.forName0(Native Method)
	at java.lang.Class.forName(Unknown Source)
	at php.java.bridge.Util.classForName(Util.java:783)
	at php.java.bridge.JavaBridge.CreateObject(JavaBridge.java:469)
	at php.java.bridge.parser.Request.handleRequest(Request.java:467)
	at php.java.bridge.parser.Request.handleRequests(Request.java:509)
	at php.java.bridge.JavaBridge.handleRequests(JavaBridge.java:173)
	at php.java.bridge.http.JavaBridgeRunner.doPut(JavaBridgeRunner.java:203)
	at php.java.bridge.http.HttpServer.service(HttpServer.java:289)
	at php.java.bridge.http.HttpServer$Runner.run(HttpServer.java:205)
	at php.java.bridge.util.ThreadPool$Delegate.run(ThreadPool.java:60)
	at php.java.bridge.util.AppThreadPool$Delegate.run(AppThreadPool.java:58)
Feb 02 11:38:42 JavaBridge ERROR: An exception occured: java.lang.ClassNotFoundException: java/uslib/mx/emcor/uslib/facades/FacadeCFD33
java.lang.ClassNotFoundException: java/uslib/mx/emcor/uslib/facades/FacadeCFD33
	at java.lang.Class.forName0(Native Method)
	at java.lang.Class.forName(Unknown Source)
	at php.java.bridge.Util.classForName(Util.java:783)
	at php.java.bridge.JavaBridge.CreateObject(JavaBridge.java:469)
	at php.java.bridge.parser.Request.handleRequest(Request.java:467)
	at php.java.bridge.parser.Request.handleRequests(Request.java:509)
	at php.java.bridge.JavaBridge.handleRequests(JavaBridge.java:173)
	at php.java.bridge.http.JavaBridgeRunner.doPut(JavaBridgeRunner.java:203)
	at php.java.bridge.http.HttpServer.service(HttpServer.java:289)
	at php.java.bridge.http.HttpServer$Runner.run(HttpServer.java:205)
	at php.java.bridge.util.ThreadPool$Delegate.run(ThreadPool.java:60)
	at php.java.bridge.util.AppThreadPool$Delegate.run(AppThreadPool.java:58)
Feb 02 11:38:58 JavaBridge ERROR: An exception occured: java.lang.ClassNotFoundException: java.uslib.mx.emcor.uslib.facades.FacadeCFD33
java.lang.ClassNotFoundException: java.uslib.mx.emcor.uslib.facades.FacadeCFD33
	at java.net.URLClassLoader.findClass(Unknown Source)
	at java.lang.ClassLoader.loadClass(Unknown Source)
	at sun.misc.Launcher$AppClassLoader.loadClass(Unknown Source)
	at java.lang.ClassLoader.loadClass(Unknown Source)
	at java.lang.Class.forName0(Native Method)
	at java.lang.Class.forName(Unknown Source)
	at php.java.bridge.Util.classForName(Util.java:783)
	at php.java.bridge.JavaBridge.CreateObject(JavaBridge.java:469)
	at php.java.bridge.parser.Request.handleRequest(Request.java:467)
	at php.java.bridge.parser.Request.handleRequests(Request.java:509)
	at php.java.bridge.JavaBridge.handleRequests(JavaBridge.java:173)
	at php.java.bridge.http.JavaBridgeRunner.doPut(JavaBridgeRunner.java:203)
	at php.java.bridge.http.HttpServer.service(HttpServer.java:289)
	at php.java.bridge.http.HttpServer$Runner.run(HttpServer.java:205)
	at php.java.bridge.util.ThreadPool$Delegate.run(ThreadPool.java:60)
	at php.java.bridge.util.AppThreadPool$Delegate.run(AppThreadPool.java:58)
Feb 02 11:39:02 JavaBridge ERROR: An exception occured: java.lang.ClassNotFoundException: java.uslib.mx.emcor.uslib.facades.FacadeCFD33
java.lang.ClassNotFoundException: java.uslib.mx.emcor.uslib.facades.FacadeCFD33
	at java.net.URLClassLoader.findClass(Unknown Source)
	at java.lang.ClassLoader.loadClass(Unknown Source)
	at sun.misc.Launcher$AppClassLoader.loadClass(Unknown Source)
	at java.lang.ClassLoader.loadClass(Unknown Source)
	at java.lang.Class.forName0(Native Method)
	at java.lang.Class.forName(Unknown Source)
	at php.java.bridge.Util.classForName(Util.java:783)
	at php.java.bridge.JavaBridge.CreateObject(JavaBridge.java:469)
	at php.java.bridge.parser.Request.handleRequest(Request.java:467)
	at php.java.bridge.parser.Request.handleRequests(Request.java:509)
	at php.java.bridge.JavaBridge.handleRequests(JavaBridge.java:173)
	at php.java.bridge.http.JavaBridgeRunner.doPut(JavaBridgeRunner.java:203)
	at php.java.bridge.http.HttpServer.service(HttpServer.java:289)
	at php.java.bridge.http.HttpServer$Runner.run(HttpServer.java:205)
	at php.java.bridge.util.ThreadPool$Delegate.run(ThreadPool.java:60)
	at php.java.bridge.util.AppThreadPool$Delegate.run(AppThreadPool.java:58)
Feb 02 11:40:50 JavaBridge ERROR: An exception occured: java.lang.ClassNotFoundException: uslib.mx.emcor.uslib.facades.FacadeCFD33
java.lang.ClassNotFoundException: uslib.mx.emcor.uslib.facades.FacadeCFD33
	at java.net.URLClassLoader.findClass(Unknown Source)
	at java.lang.ClassLoader.loadClass(Unknown Source)
	at sun.misc.Launcher$AppClassLoader.loadClass(Unknown Source)
	at java.lang.ClassLoader.loadClass(Unknown Source)
	at java.lang.Class.forName0(Native Method)
	at java.lang.Class.forName(Unknown Source)
	at php.java.bridge.Util.classForName(Util.java:783)
	at php.java.bridge.JavaBridge.CreateObject(JavaBridge.java:469)
	at php.java.bridge.parser.Request.handleRequest(Request.java:467)
	at php.java.bridge.parser.Request.handleRequests(Request.java:509)
	at php.java.bridge.JavaBridge.handleRequests(JavaBridge.java:173)
	at php.java.bridge.http.JavaBridgeRunner.doPut(JavaBridgeRunner.java:203)
	at php.java.bridge.http.HttpServer.service(HttpServer.java:289)
	at php.java.bridge.http.HttpServer$Runner.run(HttpServer.java:205)
	at php.java.bridge.util.ThreadPool$Delegate.run(ThreadPool.java:60)
	at php.java.bridge.util.AppThreadPool$Delegate.run(AppThreadPool.java:58)
Feb 02 11:41:03 JavaBridge ERROR: An exception occured: java.lang.ClassNotFoundException: uslib.mx.emcor.uslib.facades.FacadeCFD33.class
java.lang.ClassNotFoundException: uslib.mx.emcor.uslib.facades.FacadeCFD33.class
	at java.net.URLClassLoader.findClass(Unknown Source)
	at java.lang.ClassLoader.loadClass(Unknown Source)
	at sun.misc.Launcher$AppClassLoader.loadClass(Unknown Source)
	at java.lang.ClassLoader.loadClass(Unknown Source)
	at java.lang.Class.forName0(Native Method)
	at java.lang.Class.forName(Unknown Source)
	at php.java.bridge.Util.classForName(Util.java:783)
	at php.java.bridge.JavaBridge.CreateObject(JavaBridge.java:469)
	at php.java.bridge.parser.Request.handleRequest(Request.java:467)
	at php.java.bridge.parser.Request.handleRequests(Request.java:509)
	at php.java.bridge.JavaBridge.handleRequests(JavaBridge.java:173)
	at php.java.bridge.http.JavaBridgeRunner.doPut(JavaBridgeRunner.java:203)
	at php.java.bridge.http.HttpServer.service(HttpServer.java:289)
	at php.java.bridge.http.HttpServer$Runner.run(HttpServer.java:205)
	at php.java.bridge.util.ThreadPool$Delegate.run(ThreadPool.java:60)
	at php.java.bridge.util.AppThreadPool$Delegate.run(AppThreadPool.java:58)
Feb 02 11:41:04 JavaBridge ERROR: An exception occured: java.lang.ClassNotFoundException: uslib.mx.emcor.uslib.facades.FacadeCFD33.class
java.lang.ClassNotFoundException: uslib.mx.emcor.uslib.facades.FacadeCFD33.class
	at java.net.URLClassLoader.findClass(Unknown Source)
	at java.lang.ClassLoader.loadClass(Unknown Source)
	at sun.misc.Launcher$AppClassLoader.loadClass(Unknown Source)
	at java.lang.ClassLoader.loadClass(Unknown Source)
	at java.lang.Class.forName0(Native Method)
	at java.lang.Class.forName(Unknown Source)
	at php.java.bridge.Util.classForName(Util.java:783)
	at php.java.bridge.JavaBridge.CreateObject(JavaBridge.java:469)
	at php.java.bridge.parser.Request.handleRequest(Request.java:467)
	at php.java.bridge.parser.Request.handleRequests(Request.java:509)
	at php.java.bridge.JavaBridge.handleRequests(JavaBridge.java:173)
	at php.java.bridge.http.JavaBridgeRunner.doPut(JavaBridgeRunner.java:203)
	at php.java.bridge.http.HttpServer.service(HttpServer.java:289)
	at php.java.bridge.http.HttpServer$Runner.run(HttpServer.java:205)
	at php.java.bridge.util.ThreadPool$Delegate.run(ThreadPool.java:60)
	at php.java.bridge.util.AppThreadPool$Delegate.run(AppThreadPool.java:58)
Feb 02 11:41:04 JavaBridge ERROR: An exception occured: java.lang.ClassNotFoundException: uslib.mx.emcor.uslib.facades.FacadeCFD33.class
java.lang.ClassNotFoundException: uslib.mx.emcor.uslib.facades.FacadeCFD33.class
	at java.net.URLClassLoader.findClass(Unknown Source)
	at java.lang.ClassLoader.loadClass(Unknown Source)
	at sun.misc.Launcher$AppClassLoader.loadClass(Unknown Source)
	at java.lang.ClassLoader.loadClass(Unknown Source)
	at java.lang.Class.forName0(Native Method)
	at java.lang.Class.forName(Unknown Source)
	at php.java.bridge.Util.classForName(Util.java:783)
	at php.java.bridge.JavaBridge.CreateObject(JavaBridge.java:469)
	at php.java.bridge.parser.Request.handleRequest(Request.java:467)
	at php.java.bridge.parser.Request.handleRequests(Request.java:509)
	at php.java.bridge.JavaBridge.handleRequests(JavaBridge.java:173)
	at php.java.bridge.http.JavaBridgeRunner.doPut(JavaBridgeRunner.java:203)
	at php.java.bridge.http.HttpServer.service(HttpServer.java:289)
	at php.java.bridge.http.HttpServer$Runner.run(HttpServer.java:205)
	at php.java.bridge.util.ThreadPool$Delegate.run(ThreadPool.java:60)
	at php.java.bridge.util.AppThreadPool$Delegate.run(AppThreadPool.java:58)
Feb 02 11:41:04 JavaBridge ERROR: An exception occured: java.lang.ClassNotFoundException: uslib.mx.emcor.uslib.facades.FacadeCFD33.class
java.lang.ClassNotFoundException: uslib.mx.emcor.uslib.facades.FacadeCFD33.class
	at java.net.URLClassLoader.findClass(Unknown Source)
	at java.lang.ClassLoader.loadClass(Unknown Source)
	at sun.misc.Launcher$AppClassLoader.loadClass(Unknown Source)
	at java.lang.ClassLoader.loadClass(Unknown Source)
	at java.lang.Class.forName0(Native Method)
	at java.lang.Class.forName(Unknown Source)
	at php.java.bridge.Util.classForName(Util.java:783)
	at php.java.bridge.JavaBridge.CreateObject(JavaBridge.java:469)
	at php.java.bridge.parser.Request.handleRequest(Request.java:467)
	at php.java.bridge.parser.Request.handleRequests(Request.java:509)
	at php.java.bridge.JavaBridge.handleRequests(JavaBridge.java:173)
	at php.java.bridge.http.JavaBridgeRunner.doPut(JavaBridgeRunner.java:203)
	at php.java.bridge.http.HttpServer.service(HttpServer.java:289)
	at php.java.bridge.http.HttpServer$Runner.run(HttpServer.java:205)
	at php.java.bridge.util.ThreadPool$Delegate.run(ThreadPool.java:60)
	at php.java.bridge.util.AppThreadPool$Delegate.run(AppThreadPool.java:58)
Feb 02 11:41:04 JavaBridge ERROR: An exception occured: java.lang.ClassNotFoundException: uslib.mx.emcor.uslib.facades.FacadeCFD33.class
java.lang.ClassNotFoundException: uslib.mx.emcor.uslib.facades.FacadeCFD33.class
	at java.net.URLClassLoader.findClass(Unknown Source)
	at java.lang.ClassLoader.loadClass(Unknown Source)
	at sun.misc.Launcher$AppClassLoader.loadClass(Unknown Source)
	at java.lang.ClassLoader.loadClass(Unknown Source)
	at java.lang.Class.forName0(Native Method)
	at java.lang.Class.forName(Unknown Source)
	at php.java.bridge.Util.classForName(Util.java:783)
	at php.java.bridge.JavaBridge.CreateObject(JavaBridge.java:469)
	at php.java.bridge.parser.Request.handleRequest(Request.java:467)
	at php.java.bridge.parser.Request.handleRequests(Request.java:509)
	at php.java.bridge.JavaBridge.handleRequests(JavaBridge.java:173)
	at php.java.bridge.http.JavaBridgeRunner.doPut(JavaBridgeRunner.java:203)
	at php.java.bridge.http.HttpServer.service(HttpServer.java:289)
	at php.java.bridge.http.HttpServer$Runner.run(HttpServer.java:205)
	at php.java.bridge.util.ThreadPool$Delegate.run(ThreadPool.java:60)
	at php.java.bridge.util.AppThreadPool$Delegate.run(AppThreadPool.java:58)
Feb 02 11:41:55 JavaBridge ERROR: An exception occured: java.lang.ClassNotFoundException: java.FacadaCFD33
java.lang.ClassNotFoundException: java.FacadaCFD33
	at java.net.URLClassLoader.findClass(Unknown Source)
	at java.lang.ClassLoader.loadClass(Unknown Source)
	at sun.misc.Launcher$AppClassLoader.loadClass(Unknown Source)
	at java.lang.ClassLoader.loadClass(Unknown Source)
	at java.lang.Class.forName0(Native Method)
	at java.lang.Class.forName(Unknown Source)
	at php.java.bridge.Util.classForName(Util.java:783)
	at php.java.bridge.JavaBridge.CreateObject(JavaBridge.java:469)
	at php.java.bridge.parser.Request.handleRequest(Request.java:467)
	at php.java.bridge.parser.Request.handleRequests(Request.java:509)
	at php.java.bridge.JavaBridge.handleRequests(JavaBridge.java:173)
	at php.java.bridge.http.JavaBridgeRunner.doPut(JavaBridgeRunner.java:203)
	at php.java.bridge.http.HttpServer.service(HttpServer.java:289)
	at php.java.bridge.http.HttpServer$Runner.run(HttpServer.java:205)
	at php.java.bridge.util.ThreadPool$Delegate.run(ThreadPool.java:60)
	at php.java.bridge.util.AppThreadPool$Delegate.run(AppThreadPool.java:58)
